{"uuid":"76d009db-4a2a-478d-9cc3-7d3aef351351","historyId":"495faac5a3a232162464862c9f81f04a","fullName":"tests.SberTest.findSberCar","labels":[{"name":"package","value":"tests.SberTest"},{"name":"testClass","value":"tests.SberTest"},{"name":"testMethod","value":"findSberCar"},{"name":"parentSuite","value":"Default Suite"},{"name":"suite","value":"SBER_UI"},{"name":"subSuite","value":"tests.SberTest"},{"name":"host","value":"TATIANA"},{"name":"thread","value":"22260@TATIANA.main(1)"},{"name":"framework","value":"testng"},{"name":"language","value":"java"}],"links":[],"name":"findSberCar","status":"failed","statusDetails":{"known":false,"muted":false,"flaky":false,"message":"Element not found {By.xpath: //a[@class='sbl-btn sbl-btn_medium sbl-btn_text sbl-btn_secondary w-100']}\r\nExpected: clickable: interactable and enabled\r\nScreenshot: file:/C:/Автотесты/SBER_UI/build/reports/tests/1710960788780.0.png\r\nPage source: file:/C:/Автотесты/SBER_UI/build/reports/tests/1710960788780.0.html\r\nTimeout: 4 s.\r\nCaused by: NoSuchElementException: no such element: Unable to locate element: {\"method\":\"xpath\",\"selector\":\"//a[@class='sbl-btn sbl-btn_medium sbl-btn_text sbl-btn_secondary w-100']\"}","trace":"Element not found {By.xpath: //a[@class='sbl-btn sbl-btn_medium sbl-btn_text sbl-btn_secondary w-100']}\r\nExpected: clickable: interactable and enabled\r\nScreenshot: file:/C:/Автотесты/SBER_UI/build/reports/tests/1710960788780.0.png\r\nPage source: file:/C:/Автотесты/SBER_UI/build/reports/tests/1710960788780.0.html\r\nTimeout: 4 s.\r\nCaused by: NoSuchElementException: no such element: Unable to locate element: {\"method\":\"xpath\",\"selector\":\"//a[@class='sbl-btn sbl-btn_medium sbl-btn_text sbl-btn_secondary w-100']\"}\r\n\tat com.codeborne.selenide.impl.WebElementSource.createElementNotFoundError(WebElementSource.java:91)\r\n\tat com.codeborne.selenide.impl.ElementFinder.createElementNotFoundError(ElementFinder.java:142)\r\n\tat com.codeborne.selenide.impl.WebElementSource.handleError(WebElementSource.java:143)\r\n\tat com.codeborne.selenide.impl.WebElementSource.checkConditionAndReturnElement(WebElementSource.java:127)\r\n\tat com.codeborne.selenide.impl.WebElementSource.findAndAssertElementIsClickable(WebElementSource.java:173)\r\n\tat com.codeborne.selenide.commands.Click.findElement(Click.java:46)\r\n\tat com.codeborne.selenide.commands.Click.execute(Click.java:28)\r\n\tat com.codeborne.selenide.commands.Click.execute(Click.java:21)\r\n\tat com.codeborne.selenide.commands.Commands.execute(Commands.java:161)\r\n\tat com.codeborne.selenide.impl.SelenideElementProxy.dispatchAndRetry(SelenideElementProxy.java:132)\r\n\tat com.codeborne.selenide.impl.SelenideElementProxy.invoke(SelenideElementProxy.java:84)\r\n\tat jdk.proxy2/jdk.proxy2.$Proxy10.click(Unknown Source)\r\n\tat tests.SberTest.findSberCar(SberTest.java:48)\r\n\tat java.base/jdk.internal.reflect.DirectMethodHandleAccessor.invoke(DirectMethodHandleAccessor.java:104)\r\n\tat java.base/java.lang.reflect.Method.invoke(Method.java:578)\r\n\tat org.testng.internal.invokers.MethodInvocationHelper.invokeMethod(MethodInvocationHelper.java:139)\r\n\tat org.testng.internal.invokers.TestInvoker.invokeMethod(TestInvoker.java:664)\r\n\tat org.testng.internal.invokers.TestInvoker.invokeTestMethod(TestInvoker.java:227)\r\n\tat org.testng.internal.invokers.MethodRunner.runInSequence(MethodRunner.java:50)\r\n\tat org.testng.internal.invokers.TestInvoker$MethodInvocationAgent.invoke(TestInvoker.java:957)\r\n\tat org.testng.internal.invokers.TestInvoker.invokeTestMethods(TestInvoker.java:200)\r\n\tat org.testng.internal.invokers.TestMethodWorker.invokeTestMethods(TestMethodWorker.java:148)\r\n\tat org.testng.internal.invokers.TestMethodWorker.run(TestMethodWorker.java:128)\r\n\tat java.base/java.util.ArrayList.forEach(ArrayList.java:1511)\r\n\tat org.testng.TestRunner.privateRun(TestRunner.java:848)\r\n\tat org.testng.TestRunner.run(TestRunner.java:621)\r\n\tat org.testng.SuiteRunner.runTest(SuiteRunner.java:443)\r\n\tat org.testng.SuiteRunner.runSequentially(SuiteRunner.java:437)\r\n\tat org.testng.SuiteRunner.privateRun(SuiteRunner.java:397)\r\n\tat org.testng.SuiteRunner.run(SuiteRunner.java:336)\r\n\tat org.testng.SuiteRunnerWorker.runSuite(SuiteRunnerWorker.java:52)\r\n\tat org.testng.SuiteRunnerWorker.run(SuiteRunnerWorker.java:95)\r\n\tat org.testng.TestNG.runSuitesSequentially(TestNG.java:1280)\r\n\tat org.testng.TestNG.runSuitesLocally(TestNG.java:1200)\r\n\tat org.testng.TestNG.runSuites(TestNG.java:1114)\r\n\tat org.testng.TestNG.run(TestNG.java:1082)\r\n\tat com.intellij.rt.testng.IDEARemoteTestNG.run(IDEARemoteTestNG.java:65)\r\n\tat com.intellij.rt.testng.RemoteTestNGStarter.main(RemoteTestNGStarter.java:105)\r\nCaused by: org.openqa.selenium.NoSuchElementException: no such element: Unable to locate element: {\"method\":\"xpath\",\"selector\":\"//a[@class='sbl-btn sbl-btn_medium sbl-btn_text sbl-btn_secondary w-100']\"}\n  (Session info: chrome=122.0.6261.131)\nFor documentation on this error, please visit: https://www.selenium.dev/documentation/webdriver/troubleshooting/errors#no-such-element-exception\nBuild info: version: '4.18.1', revision: 'b1d3319b48'\nSystem info: os.name: 'Windows 11', os.arch: 'amd64', os.version: '10.0', java.version: '20.0.2'\nDriver info: org.openqa.selenium.chrome.ChromeDriver\nCommand: [6957c5aaadb27120920329cb8c5afd91, findElement {using=xpath, value=//a[@class='sbl-btn sbl-btn_medium sbl-btn_text sbl-btn_secondary w-100']}]\nCapabilities {acceptInsecureCerts: true, browserName: chrome, browserVersion: 122.0.6261.131, chrome: {chromedriverVersion: 122.0.6261.128 (f18a44fedeb..., userDataDir: C:\\Users\\split\\AppData\\Loca...}, fedcm:accounts: true, goog:chromeOptions: {debuggerAddress: localhost:59515}, networkConnectionEnabled: false, pageLoadStrategy: normal, platformName: windows, proxy: Proxy(), se:cdp: ws://localhost:59515/devtoo..., se:cdpVersion: 122.0.6261.131, setWindowRect: true, strictFileInteractability: false, timeouts: {implicit: 0, pageLoad: 300000, script: 30000}, unhandledPromptBehavior: accept, webauthn:extension:credBlob: true, webauthn:extension:largeBlob: true, webauthn:extension:minPinLength: true, webauthn:extension:prf: true, webauthn:virtualAuthenticators: true}\nSession ID: 6957c5aaadb27120920329cb8c5afd91\r\n\tat java.base/jdk.internal.reflect.DirectConstructorHandleAccessor.newInstance(DirectConstructorHandleAccessor.java:67)\r\n\tat java.base/java.lang.reflect.Constructor.newInstanceWithCaller(Constructor.java:500)\r\n\tat java.base/java.lang.reflect.Constructor.newInstance(Constructor.java:484)\r\n\tat org.openqa.selenium.remote.ErrorCodec.decode(ErrorCodec.java:167)\r\n\tat org.openqa.selenium.remote.codec.w3c.W3CHttpResponseCodec.decode(W3CHttpResponseCodec.java:138)\r\n\tat org.openqa.selenium.remote.codec.w3c.W3CHttpResponseCodec.decode(W3CHttpResponseCodec.java:50)\r\n\tat org.openqa.selenium.remote.HttpCommandExecutor.execute(HttpCommandExecutor.java:190)\r\n\tat org.openqa.selenium.remote.service.DriverCommandExecutor.invokeExecute(DriverCommandExecutor.java:216)\r\n\tat org.openqa.selenium.remote.service.DriverCommandExecutor.execute(DriverCommandExecutor.java:174)\r\n\tat org.openqa.selenium.remote.RemoteWebDriver.execute(RemoteWebDriver.java:519)\r\n\tat org.openqa.selenium.remote.ElementLocation$ElementFinder$2.findElement(ElementLocation.java:165)\r\n\tat org.openqa.selenium.remote.ElementLocation.findElement(ElementLocation.java:59)\r\n\tat org.openqa.selenium.remote.RemoteWebDriver.findElement(RemoteWebDriver.java:356)\r\n\tat org.openqa.selenium.remote.RemoteWebDriver.findElement(RemoteWebDriver.java:350)\r\n\tat com.codeborne.selenide.impl.WebElementSelector.findElement(WebElementSelector.java:70)\r\n\tat com.codeborne.selenide.impl.WebElementSelector.findElement(WebElementSelector.java:44)\r\n\tat com.codeborne.selenide.impl.WebElementSelector.findElement(WebElementSelector.java:33)\r\n\tat com.codeborne.selenide.impl.ElementFinder.getWebElement(ElementFinder.java:122)\r\n\tat com.codeborne.selenide.impl.WebElementSource.checkConditionAndReturnElement(WebElementSource.java:116)\r\n\t... 34 more\r\n"},"stage":"finished","steps":[{"name":"$(\"By.xpath: //textarea[@class='gLFyf']\") set value(СберЛизинг)","status":"passed","stage":"finished","steps":[],"attachments":[],"parameters":[],"start":1710960757087,"stop":1710960757271},{"name":"$(\"By.xpath: //textarea[@class='gLFyf']\") send keys()","status":"passed","stage":"finished","steps":[],"attachments":[],"parameters":[],"start":1710960757273,"stop":1710960757419},{"name":"$(\"By.xpath: //h3[@class='LC20lb MBeuO DKV0Md']\") click()","status":"passed","stage":"finished","steps":[],"attachments":[],"parameters":[],"start":1710960757419,"stop":1710960780234},{"name":"$(\"By.xpath: //button[@class='sbl-btn sbl-btn_large m-0']\") click()","status":"passed","stage":"finished","steps":[],"attachments":[],"parameters":[],"start":1710960780234,"stop":1710960780304},{"name":"$(\"By.xpath: //a[@href='/automall/#marketplace-horizontal-filter-title']\") click()","status":"passed","stage":"finished","steps":[],"attachments":[],"parameters":[],"start":1710960780304,"stop":1710960781647},{"name":"$(\"By.xpath: (//div/div[@class='horizontal-filter-block__checkboxes-item custom-control custom-checkbox'])[2]\") click()","status":"passed","stage":"finished","steps":[],"attachments":[],"parameters":[],"start":1710960781647,"stop":1710960781930},{"name":"$(\"By.xpath: //label[@for='arrFilter_640_2872832194']\") click()","status":"passed","stage":"finished","steps":[],"attachments":[],"parameters":[],"start":1710960781930,"stop":1710960782050},{"name":"$(\"By.xpath: //label[@for='arrFilter_638_3090825616']\") click()","status":"passed","stage":"finished","steps":[],"attachments":[],"parameters":[],"start":1710960782050,"stop":1710960782175},{"name":"$(\"By.xpath: //label[@title='седан']\") click()","status":"passed","stage":"finished","steps":[],"attachments":[],"parameters":[],"start":1710960782175,"stop":1710960782280},{"name":"$(\"By.xpath: //label[@for='arrFilter_629_3390690323']\") click()","status":"passed","stage":"finished","steps":[],"attachments":[],"parameters":[],"start":1710960782280,"stop":1710960782397},{"name":"$(\"By.xpath: //div[@class='el-slider__button el-tooltip__trigger el-tooltip__trigger']\") get wrapped element()","status":"passed","stage":"finished","steps":[],"attachments":[],"parameters":[],"start":1710960782420,"stop":1710960782435},{"name":"$(\"By.xpath: //label[@aria-label='Цвет']\") click()","status":"passed","stage":"finished","steps":[],"attachments":[],"parameters":[],"start":1710960782847,"stop":1710960782907},{"name":"$(\"By.xpath: //label[@for='arrFilter_289_3783457942']\") click()","status":"passed","stage":"finished","steps":[],"attachments":[],"parameters":[],"start":1710960782907,"stop":1710960783023},{"name":"$(\"By.xpath: //a[@class='sbl-btn sbl-btn_medium']\") click()","status":"passed","stage":"finished","steps":[],"attachments":[],"parameters":[],"start":1710960783023,"stop":1710960784602},{"name":"$(\"By.xpath: //img[@alt='Jetta']\") find elements(By.xpath: //img[@alt='Jetta'])","status":"passed","stage":"finished","steps":[],"attachments":[],"parameters":[],"start":1710960784602,"stop":1710960784665},{"name":"$(\"By.xpath: //a[@class='sbl-btn sbl-btn_medium w-100 sbl-btn_detail']\") click()","status":"passed","stage":"finished","steps":[],"attachments":[],"parameters":[],"start":1710960784665,"stop":1710960784763},{"name":"$(\"By.xpath: //a[@class='sbl-btn sbl-btn_medium sbl-btn_text sbl-btn_secondary w-100']\") click()","status":"failed","statusDetails":{"known":false,"muted":false,"flaky":false,"message":"Element not found {By.xpath: //a[@class='sbl-btn sbl-btn_medium sbl-btn_text sbl-btn_secondary w-100']}\r\nExpected: clickable: interactable and enabled\r\nScreenshot: file:/C:/Автотесты/SBER_UI/build/reports/tests/1710960788780.0.png\r\nPage source: file:/C:/Автотесты/SBER_UI/build/reports/tests/1710960788780.0.html\r\nTimeout: 4 s.\r\nCaused by: NoSuchElementException: no such element: Unable to locate element: {\"method\":\"xpath\",\"selector\":\"//a[@class='sbl-btn sbl-btn_medium sbl-btn_text sbl-btn_secondary w-100']\"}","trace":"Element not found {By.xpath: //a[@class='sbl-btn sbl-btn_medium sbl-btn_text sbl-btn_secondary w-100']}\r\nExpected: clickable: interactable and enabled\r\nScreenshot: file:/C:/Автотесты/SBER_UI/build/reports/tests/1710960788780.0.png\r\nPage source: file:/C:/Автотесты/SBER_UI/build/reports/tests/1710960788780.0.html\r\nTimeout: 4 s.\r\nCaused by: NoSuchElementException: no such element: Unable to locate element: {\"method\":\"xpath\",\"selector\":\"//a[@class='sbl-btn sbl-btn_medium sbl-btn_text sbl-btn_secondary w-100']\"}\r\n\tat com.codeborne.selenide.impl.WebElementSource.createElementNotFoundError(WebElementSource.java:91)\r\n\tat com.codeborne.selenide.impl.ElementFinder.createElementNotFoundError(ElementFinder.java:142)\r\n\tat com.codeborne.selenide.impl.WebElementSource.handleError(WebElementSource.java:143)\r\n\tat com.codeborne.selenide.impl.WebElementSource.checkConditionAndReturnElement(WebElementSource.java:127)\r\n\tat com.codeborne.selenide.impl.WebElementSource.findAndAssertElementIsClickable(WebElementSource.java:173)\r\n\tat com.codeborne.selenide.commands.Click.findElement(Click.java:46)\r\n\tat com.codeborne.selenide.commands.Click.execute(Click.java:28)\r\n\tat com.codeborne.selenide.commands.Click.execute(Click.java:21)\r\n\tat com.codeborne.selenide.commands.Commands.execute(Commands.java:161)\r\n\tat com.codeborne.selenide.impl.SelenideElementProxy.dispatchAndRetry(SelenideElementProxy.java:132)\r\n\tat com.codeborne.selenide.impl.SelenideElementProxy.invoke(SelenideElementProxy.java:84)\r\n\tat jdk.proxy2/jdk.proxy2.$Proxy10.click(Unknown Source)\r\n\tat tests.SberTest.findSberCar(SberTest.java:48)\r\n\tat java.base/jdk.internal.reflect.DirectMethodHandleAccessor.invoke(DirectMethodHandleAccessor.java:104)\r\n\tat java.base/java.lang.reflect.Method.invoke(Method.java:578)\r\n\tat org.testng.internal.invokers.MethodInvocationHelper.invokeMethod(MethodInvocationHelper.java:139)\r\n\tat org.testng.internal.invokers.TestInvoker.invokeMethod(TestInvoker.java:664)\r\n\tat org.testng.internal.invokers.TestInvoker.invokeTestMethod(TestInvoker.java:227)\r\n\tat org.testng.internal.invokers.MethodRunner.runInSequence(MethodRunner.java:50)\r\n\tat org.testng.internal.invokers.TestInvoker$MethodInvocationAgent.invoke(TestInvoker.java:957)\r\n\tat org.testng.internal.invokers.TestInvoker.invokeTestMethods(TestInvoker.java:200)\r\n\tat org.testng.internal.invokers.TestMethodWorker.invokeTestMethods(TestMethodWorker.java:148)\r\n\tat org.testng.internal.invokers.TestMethodWorker.run(TestMethodWorker.java:128)\r\n\tat java.base/java.util.ArrayList.forEach(ArrayList.java:1511)\r\n\tat org.testng.TestRunner.privateRun(TestRunner.java:848)\r\n\tat org.testng.TestRunner.run(TestRunner.java:621)\r\n\tat org.testng.SuiteRunner.runTest(SuiteRunner.java:443)\r\n\tat org.testng.SuiteRunner.runSequentially(SuiteRunner.java:437)\r\n\tat org.testng.SuiteRunner.privateRun(SuiteRunner.java:397)\r\n\tat org.testng.SuiteRunner.run(SuiteRunner.java:336)\r\n\tat org.testng.SuiteRunnerWorker.runSuite(SuiteRunnerWorker.java:52)\r\n\tat org.testng.SuiteRunnerWorker.run(SuiteRunnerWorker.java:95)\r\n\tat org.testng.TestNG.runSuitesSequentially(TestNG.java:1280)\r\n\tat org.testng.TestNG.runSuitesLocally(TestNG.java:1200)\r\n\tat org.testng.TestNG.runSuites(TestNG.java:1114)\r\n\tat org.testng.TestNG.run(TestNG.java:1082)\r\n\tat com.intellij.rt.testng.IDEARemoteTestNG.run(IDEARemoteTestNG.java:65)\r\n\tat com.intellij.rt.testng.RemoteTestNGStarter.main(RemoteTestNGStarter.java:105)\r\nCaused by: org.openqa.selenium.NoSuchElementException: no such element: Unable to locate element: {\"method\":\"xpath\",\"selector\":\"//a[@class='sbl-btn sbl-btn_medium sbl-btn_text sbl-btn_secondary w-100']\"}\n  (Session info: chrome=122.0.6261.131)\nFor documentation on this error, please visit: https://www.selenium.dev/documentation/webdriver/troubleshooting/errors#no-such-element-exception\nBuild info: version: '4.18.1', revision: 'b1d3319b48'\nSystem info: os.name: 'Windows 11', os.arch: 'amd64', os.version: '10.0', java.version: '20.0.2'\nDriver info: org.openqa.selenium.chrome.ChromeDriver\nCommand: [6957c5aaadb27120920329cb8c5afd91, findElement {using=xpath, value=//a[@class='sbl-btn sbl-btn_medium sbl-btn_text sbl-btn_secondary w-100']}]\nCapabilities {acceptInsecureCerts: true, browserName: chrome, browserVersion: 122.0.6261.131, chrome: {chromedriverVersion: 122.0.6261.128 (f18a44fedeb..., userDataDir: C:\\Users\\split\\AppData\\Loca...}, fedcm:accounts: true, goog:chromeOptions: {debuggerAddress: localhost:59515}, networkConnectionEnabled: false, pageLoadStrategy: normal, platformName: windows, proxy: Proxy(), se:cdp: ws://localhost:59515/devtoo..., se:cdpVersion: 122.0.6261.131, setWindowRect: true, strictFileInteractability: false, timeouts: {implicit: 0, pageLoad: 300000, script: 30000}, unhandledPromptBehavior: accept, webauthn:extension:credBlob: true, webauthn:extension:largeBlob: true, webauthn:extension:minPinLength: true, webauthn:extension:prf: true, webauthn:virtualAuthenticators: true}\nSession ID: 6957c5aaadb27120920329cb8c5afd91\r\n\tat java.base/jdk.internal.reflect.DirectConstructorHandleAccessor.newInstance(DirectConstructorHandleAccessor.java:67)\r\n\tat java.base/java.lang.reflect.Constructor.newInstanceWithCaller(Constructor.java:500)\r\n\tat java.base/java.lang.reflect.Constructor.newInstance(Constructor.java:484)\r\n\tat org.openqa.selenium.remote.ErrorCodec.decode(ErrorCodec.java:167)\r\n\tat org.openqa.selenium.remote.codec.w3c.W3CHttpResponseCodec.decode(W3CHttpResponseCodec.java:138)\r\n\tat org.openqa.selenium.remote.codec.w3c.W3CHttpResponseCodec.decode(W3CHttpResponseCodec.java:50)\r\n\tat org.openqa.selenium.remote.HttpCommandExecutor.execute(HttpCommandExecutor.java:190)\r\n\tat org.openqa.selenium.remote.service.DriverCommandExecutor.invokeExecute(DriverCommandExecutor.java:216)\r\n\tat org.openqa.selenium.remote.service.DriverCommandExecutor.execute(DriverCommandExecutor.java:174)\r\n\tat org.openqa.selenium.remote.RemoteWebDriver.execute(RemoteWebDriver.java:519)\r\n\tat org.openqa.selenium.remote.ElementLocation$ElementFinder$2.findElement(ElementLocation.java:165)\r\n\tat org.openqa.selenium.remote.ElementLocation.findElement(ElementLocation.java:59)\r\n\tat org.openqa.selenium.remote.RemoteWebDriver.findElement(RemoteWebDriver.java:356)\r\n\tat org.openqa.selenium.remote.RemoteWebDriver.findElement(RemoteWebDriver.java:350)\r\n\tat com.codeborne.selenide.impl.WebElementSelector.findElement(WebElementSelector.java:70)\r\n\tat com.codeborne.selenide.impl.WebElementSelector.findElement(WebElementSelector.java:44)\r\n\tat com.codeborne.selenide.impl.WebElementSelector.findElement(WebElementSelector.java:33)\r\n\tat com.codeborne.selenide.impl.ElementFinder.getWebElement(ElementFinder.java:122)\r\n\tat com.codeborne.selenide.impl.WebElementSource.checkConditionAndReturnElement(WebElementSource.java:116)\r\n\t... 34 more\r\n"},"stage":"finished","steps":[],"attachments":[{"name":"Screenshot","source":"809caef9-a2b2-4e2c-9fe1-f189b1e2e7ae-attachment.png","type":"image/png"},{"name":"Page source","source":"62daea96-4fbf-40a0-a3a1-6efd012f24f7-attachment.html","type":"text/html"}],"parameters":[],"start":1710960784763,"stop":1710960789163}],"attachments":[],"parameters":[],"start":1710960756974,"stop":1710960789166}